<?xml version="1.0" encoding="UTF-8"?>
<testsuite name="uk.tw.energy.controller.PricePlanComparatorControllerTest" tests="5" skipped="0" failures="0" errors="0" timestamp="2024-06-14T07:23:13" hostname="Hieus-MacBook-Pro.local" time="0.007">
  <properties/>
  <testcase name="recommendCheapestPricePlans_withLimit()" classname="uk.tw.energy.controller.PricePlanComparatorControllerTest" time="0.003"/>
  <testcase name="recommendCheapestPricePlans_limitHigherThanNumberOfEntries()" classname="uk.tw.energy.controller.PricePlanComparatorControllerTest" time="0.001"/>
  <testcase name="calculatedCostForEachPricePlan_happyPath()" classname="uk.tw.energy.controller.PricePlanComparatorControllerTest" time="0.001"/>
  <testcase name="recommendCheapestPricePlans_noLimit()" classname="uk.tw.energy.controller.PricePlanComparatorControllerTest" time="0.001"/>
  <testcase name="calculatedCostForEachPricePlan_noReadings()" classname="uk.tw.energy.controller.PricePlanComparatorControllerTest" time="0.001"/>
  <system-out><![CDATA[]]></system-out>
  <system-err><![CDATA[]]></system-err>
</testsuite>
