<?xml version="1.0" encoding="UTF-8"?>
<testsuite name="uk.tw.energy.domain.PricePlanTest" tests="4" skipped="0" failures="0" errors="0" timestamp="2024-06-14T07:23:13" hostname="Hieus-MacBook-Pro.local" time="0.007">
  <properties/>
  <testcase name="shouldReceiveMultipleExceptionalDateTimes()" classname="uk.tw.energy.domain.PricePlanTest" time="0.003"/>
  <testcase name="shouldReturnAnExceptionPriceGivenExceptionalDateTime()" classname="uk.tw.energy.domain.PricePlanTest" time="0.001"/>
  <testcase name="shouldReturnTheBasePriceGivenAnOrdinaryDateTime()" classname="uk.tw.energy.domain.PricePlanTest" time="0.001"/>
  <testcase name="shouldReturnTheEnergySupplierGivenInTheConstructor()" classname="uk.tw.energy.domain.PricePlanTest" time="0.002"/>
  <system-out><![CDATA[]]></system-out>
  <system-err><![CDATA[]]></system-err>
</testsuite>
