<?xml version="1.0" encoding="UTF-8"?>
<testsuite name="uk.tw.energy.service.MeterReadingServiceTest" tests="2" skipped="0" failures="0" errors="0" timestamp="2024-06-18T13:40:15" hostname="Hieus-MacBook-Pro.local" time="0.002">
  <properties/>
  <testcase name="givenMeterIdThatDoesNotExistShouldReturnNull()" classname="uk.tw.energy.service.MeterReadingServiceTest" time="0.001"/>
  <testcase name="givenMeterReadingThatExistsShouldReturnMeterReadings()" classname="uk.tw.energy.service.MeterReadingServiceTest" time="0.0"/>
  <system-out><![CDATA[]]></system-out>
  <system-err><![CDATA[]]></system-err>
</testsuite>
