<?xml version="1.0" encoding="UTF-8"?>
<testsuite name="uk.tw.energy.service.MeterReadingServiceTest" tests="2" skipped="0" failures="0" errors="0" timestamp="2024-06-18T14:56:15" hostname="Hieus-MacBook-Pro.local" time="0.003">
  <properties/>
  <testcase name="givenMeterIdThatDoesNotExistShouldReturnNull()" classname="uk.tw.energy.service.MeterReadingServiceTest" time="0.001"/>
  <testcase name="givenMeterReadingThatExistsShouldReturnMeterReadings()" classname="uk.tw.energy.service.MeterReadingServiceTest" time="0.001"/>
  <system-out><![CDATA[]]></system-out>
  <system-err><![CDATA[]]></system-err>
</testsuite>
